// 同步 ID: 9a0925c8 @ Fri Jun 19 12:48:56 UTC 2026
// 同步 ID: 275db208 @ Fri Jun 19 23:03:32 UTC 2026
// 重构日志: 8aa324be
// 重构日志: cb7744df
// 重构日志: 1f5e8bfb
// 重构日志: 488a21d6
// 重构日志: 993e6927
// 重构日志: d3e4fcad
// 重构日志: e5af7a0a
// 同步 ID: cc101aa4 @ Tue Jul  7 10:37:07 UTC 2026
// 重构日志: cc15b55e
// 重构日志: 207544e0
// 同步 ID: 3f04a20e @ Wed Jul 15 04:22:54 UTC 2026
// 同步 ID: 39f1095d @ Wed Jul 15 15:32:01 UTC 2026
// 重构日志: cf220054
// 重构日志: 39bff13d
// 重构日志: d17f590b
// 重构日志: 08c9219f
// 重构日志: a15b9cc4
// 同步 ID: 95a85ecc @ Sat Jul 18 23:08:28 UTC 2026
// 重构日志: 4b4da6ef
// 同步 ID: bb948ee5 @ Sun Jul 19 15:37:51 UTC 2026
// 重构日志: faa284e6
// 同步 ID: 859d7809 @ Tue Jul 21 17:18:37 UTC 2026
// 重构日志: 981ac7fe
// 同步 ID: 87e5256a @ Wed Jul 22 04:42:56 UTC 2026
// 同步 ID: 89b8aec4 @ Wed Jul 22 19:31:18 UTC 2026
// 重构日志: 39cafd6d
// 重构日志: 516a62fb
// 同步 ID: 3f53b696 @ Thu Jul 23 08:01:55 UTC 2026
// 重构日志: 742a4964
// 重构日志: 1a9deffd
// 重构日志: 87c96004
